<?xml version="1.0" encoding="UTF-8"?>
<robot generator="Robot 5.0.1 (Python 3.10.4 on darwin)" generated="20220527 14:25:27.377" rpa="false" schemaversion="3">
<suite id="s1" name="PlatformAdmin" source="/Users/sudhir.poojary/PycharmProjects/RobotFramework/EngagementHQ Tests/PlatformAdmin.robot">
<test id="s1-t1" name="Login to Engagement HQ Platform" line="16">
<kw name="open the browser with engagement HQ platform url" library="Resource" type="SETUP">
<kw name="Create Webdriver" library="SeleniumLibrary">
<arg>Chrome</arg>
<arg>executable_path=../Resources/chromedriver</arg>
<doc>Creates an instance of Selenium WebDriver.</doc>
<msg timestamp="20220527 14:25:27.440" level="INFO">Creating an instance of the Chrome WebDriver.</msg>
<status status="PASS" starttime="20220527 14:25:27.440" endtime="20220527 14:25:28.683"/>
</kw>
<kw name="Go To" library="SeleniumLibrary">
<arg>https://platform.replica.bangthetable.in/platform/sites</arg>
<doc>Navigates the current browser window to the provided ``url``.</doc>
<msg timestamp="20220527 14:25:28.684" level="INFO">Opening url 'https://platform.replica.bangthetable.in/platform/sites'</msg>
<status status="PASS" starttime="20220527 14:25:28.683" endtime="20220527 14:25:41.966"/>
</kw>
<status status="PASS" starttime="20220527 14:25:27.440" endtime="20220527 14:25:41.967"/>
</kw>
<kw name="fill the login form">
<arg>${username_valid}</arg>
<arg>${password_valid}</arg>
<kw name="Wait Until Element Is Visible" library="SeleniumLibrary">
<arg>xpath:${Username_xpath}</arg>
<doc>Waits until the element ``locator`` is visible.</doc>
<status status="PASS" starttime="20220527 14:25:41.968" endtime="20220527 14:25:41.993"/>
</kw>
<kw name="Input Text" library="SeleniumLibrary">
<arg>xpath:${Username_xpath}</arg>
<arg>${username}</arg>
<doc>Types the given ``text`` into the text field identified by ``locator``.</doc>
<msg timestamp="20220527 14:25:41.994" level="INFO">Typing text 'btt_admin' into text field 'xpath://input[@id='EmailOrLogin']'.</msg>
<status status="PASS" starttime="20220527 14:25:41.994" endtime="20220527 14:25:42.111"/>
</kw>
<kw name="Input Password" library="SeleniumLibrary">
<arg>id:Password</arg>
<arg>${password}</arg>
<doc>Types the given password into the text field identified by ``locator``.</doc>
<msg timestamp="20220527 14:25:42.111" level="INFO">Typing password into text field 'id:Password'.</msg>
<msg timestamp="20220527 14:25:42.128" level="INFO">Temporally setting log level to: NONE</msg>
<msg timestamp="20220527 14:25:42.164" level="INFO">Log level changed from NONE to INFO.</msg>
<status status="PASS" starttime="20220527 14:25:42.111" endtime="20220527 14:25:42.164"/>
</kw>
<kw name="Click Button" library="SeleniumLibrary">
<arg>xpath://button[contains(text(),'Sign in')]</arg>
<doc>Clicks the button identified by ``locator``.</doc>
<msg timestamp="20220527 14:25:42.164" level="INFO">Clicking button 'xpath://button[contains(text(),'Sign in')]'.</msg>
<status status="PASS" starttime="20220527 14:25:42.164" endtime="20220527 14:25:42.208"/>
</kw>
<status status="PASS" starttime="20220527 14:25:41.967" endtime="20220527 14:25:42.208"/>
</kw>
<kw name="verify that login is successfull">
<kw name="Wait Until Element Is Visible" library="SeleniumLibrary">
<arg>xpath:${Sites_xpath}</arg>
<doc>Waits until the element ``locator`` is visible.</doc>
<status status="PASS" starttime="20220527 14:25:42.209" endtime="20220527 14:25:48.220"/>
</kw>
<kw name="Get Text" library="SeleniumLibrary">
<var>${result}</var>
<arg>xpath:${Sites_xpath}</arg>
<doc>Returns the text value of the element identified by ``locator``.</doc>
<msg timestamp="20220527 14:25:48.235" level="INFO">${result} = SITES</msg>
<status status="PASS" starttime="20220527 14:25:48.220" endtime="20220527 14:25:48.235"/>
</kw>
<kw name="Should Be Equal As Strings" library="BuiltIn">
<arg>${result}</arg>
<arg>SITES</arg>
<doc>Fails if objects are unequal after converting them to strings.</doc>
<status status="PASS" starttime="20220527 14:25:48.235" endtime="20220527 14:25:48.236"/>
</kw>
<status status="PASS" starttime="20220527 14:25:42.208" endtime="20220527 14:25:48.236"/>
</kw>
<kw name="close browser session" library="Resource" type="TEARDOWN">
<kw name="Close Browser" library="SeleniumLibrary">
<doc>Closes the current browser.</doc>
<status status="PASS" starttime="20220527 14:25:48.236" endtime="20220527 14:25:48.300"/>
</kw>
<status status="PASS" starttime="20220527 14:25:48.236" endtime="20220527 14:25:48.300"/>
</kw>
<status status="PASS" starttime="20220527 14:25:27.439" endtime="20220527 14:25:48.300"/>
</test>
<test id="s1-t2" name="Verify unsuccessfull login to Engagement HQ Platform" line="20">
<kw name="open the browser with engagement HQ platform url" library="Resource" type="SETUP">
<kw name="Create Webdriver" library="SeleniumLibrary">
<arg>Chrome</arg>
<arg>executable_path=../Resources/chromedriver</arg>
<doc>Creates an instance of Selenium WebDriver.</doc>
<msg timestamp="20220527 14:25:48.301" level="INFO">Creating an instance of the Chrome WebDriver.</msg>
<status status="PASS" starttime="20220527 14:25:48.300" endtime="20220527 14:25:49.526"/>
</kw>
<kw name="Go To" library="SeleniumLibrary">
<arg>https://platform.replica.bangthetable.in/platform/sites</arg>
<doc>Navigates the current browser window to the provided ``url``.</doc>
<msg timestamp="20220527 14:25:49.526" level="INFO">Opening url 'https://platform.replica.bangthetable.in/platform/sites'</msg>
<status status="PASS" starttime="20220527 14:25:49.526" endtime="20220527 14:26:04.142"/>
</kw>
<status status="PASS" starttime="20220527 14:25:48.300" endtime="20220527 14:26:04.143"/>
</kw>
<kw name="fill the login form">
<arg>${username_invalid}</arg>
<arg>${password_invalid}</arg>
<kw name="Wait Until Element Is Visible" library="SeleniumLibrary">
<arg>xpath:${Username_xpath}</arg>
<doc>Waits until the element ``locator`` is visible.</doc>
<status status="PASS" starttime="20220527 14:26:04.144" endtime="20220527 14:26:04.169"/>
</kw>
<kw name="Input Text" library="SeleniumLibrary">
<arg>xpath:${Username_xpath}</arg>
<arg>${username}</arg>
<doc>Types the given ``text`` into the text field identified by ``locator``.</doc>
<msg timestamp="20220527 14:26:04.169" level="INFO">Typing text 'test' into text field 'xpath://input[@id='EmailOrLogin']'.</msg>
<status status="PASS" starttime="20220527 14:26:04.169" endtime="20220527 14:26:04.271"/>
</kw>
<kw name="Input Password" library="SeleniumLibrary">
<arg>id:Password</arg>
<arg>${password}</arg>
<doc>Types the given password into the text field identified by ``locator``.</doc>
<msg timestamp="20220527 14:26:04.271" level="INFO">Typing password into text field 'id:Password'.</msg>
<msg timestamp="20220527 14:26:04.287" level="INFO">Temporally setting log level to: NONE</msg>
<msg timestamp="20220527 14:26:04.317" level="INFO">Log level changed from NONE to INFO.</msg>
<status status="PASS" starttime="20220527 14:26:04.271" endtime="20220527 14:26:04.317"/>
</kw>
<kw name="Click Button" library="SeleniumLibrary">
<arg>xpath://button[contains(text(),'Sign in')]</arg>
<doc>Clicks the button identified by ``locator``.</doc>
<msg timestamp="20220527 14:26:04.317" level="INFO">Clicking button 'xpath://button[contains(text(),'Sign in')]'.</msg>
<status status="PASS" starttime="20220527 14:26:04.317" endtime="20220527 14:26:04.360"/>
</kw>
<status status="PASS" starttime="20220527 14:26:04.143" endtime="20220527 14:26:04.360"/>
</kw>
<kw name="verify that login is unsuccessfull">
<kw name="Wait Until Element Is Visible" library="SeleniumLibrary">
<arg>xpath:${errormsg_xpath}</arg>
<doc>Waits until the element ``locator`` is visible.</doc>
<status status="PASS" starttime="20220527 14:26:04.360" endtime="20220527 14:26:04.804"/>
</kw>
<kw name="Get Text" library="SeleniumLibrary">
<var>${result_unsuccess}</var>
<arg>xpath:${errormsg_xpath}</arg>
<doc>Returns the text value of the element identified by ``locator``.</doc>
<msg timestamp="20220527 14:26:04.822" level="INFO">${result_unsuccess} = Invalid login or password</msg>
<status status="PASS" starttime="20220527 14:26:04.804" endtime="20220527 14:26:04.822"/>
</kw>
<kw name="Should Be Equal As Strings" library="BuiltIn">
<arg>${result_unsuccess}</arg>
<arg>Invalid login or password</arg>
<doc>Fails if objects are unequal after converting them to strings.</doc>
<status status="PASS" starttime="20220527 14:26:04.823" endtime="20220527 14:26:04.823"/>
</kw>
<status status="PASS" starttime="20220527 14:26:04.360" endtime="20220527 14:26:04.823"/>
</kw>
<kw name="close browser session" library="Resource" type="TEARDOWN">
<kw name="Close Browser" library="SeleniumLibrary">
<doc>Closes the current browser.</doc>
<status status="PASS" starttime="20220527 14:26:04.823" endtime="20220527 14:26:04.886"/>
</kw>
<status status="PASS" starttime="20220527 14:26:04.823" endtime="20220527 14:26:04.886"/>
</kw>
<status status="PASS" starttime="20220527 14:25:48.300" endtime="20220527 14:26:04.886"/>
</test>
<test id="s1-t3" name="Verify that a new site is created" line="24">
<kw name="open the browser with engagement HQ platform url" library="Resource" type="SETUP">
<kw name="Create Webdriver" library="SeleniumLibrary">
<arg>Chrome</arg>
<arg>executable_path=../Resources/chromedriver</arg>
<doc>Creates an instance of Selenium WebDriver.</doc>
<msg timestamp="20220527 14:26:04.887" level="INFO">Creating an instance of the Chrome WebDriver.</msg>
<status status="PASS" starttime="20220527 14:26:04.887" endtime="20220527 14:26:06.156"/>
</kw>
<kw name="Go To" library="SeleniumLibrary">
<arg>https://platform.replica.bangthetable.in/platform/sites</arg>
<doc>Navigates the current browser window to the provided ``url``.</doc>
<msg timestamp="20220527 14:26:06.157" level="INFO">Opening url 'https://platform.replica.bangthetable.in/platform/sites'</msg>
<status status="PASS" starttime="20220527 14:26:06.157" endtime="20220527 14:26:16.644"/>
</kw>
<status status="PASS" starttime="20220527 14:26:04.887" endtime="20220527 14:26:16.644"/>
</kw>
<kw name="fill the login form">
<arg>${username_valid}</arg>
<arg>${password_valid}</arg>
<kw name="Wait Until Element Is Visible" library="SeleniumLibrary">
<arg>xpath:${Username_xpath}</arg>
<doc>Waits until the element ``locator`` is visible.</doc>
<status status="PASS" starttime="20220527 14:26:16.645" endtime="20220527 14:26:16.671"/>
</kw>
<kw name="Input Text" library="SeleniumLibrary">
<arg>xpath:${Username_xpath}</arg>
<arg>${username}</arg>
<doc>Types the given ``text`` into the text field identified by ``locator``.</doc>
<msg timestamp="20220527 14:26:16.671" level="INFO">Typing text 'btt_admin' into text field 'xpath://input[@id='EmailOrLogin']'.</msg>
<status status="PASS" starttime="20220527 14:26:16.671" endtime="20220527 14:26:16.782"/>
</kw>
<kw name="Input Password" library="SeleniumLibrary">
<arg>id:Password</arg>
<arg>${password}</arg>
<doc>Types the given password into the text field identified by ``locator``.</doc>
<msg timestamp="20220527 14:26:16.782" level="INFO">Typing password into text field 'id:Password'.</msg>
<msg timestamp="20220527 14:26:16.798" level="INFO">Temporally setting log level to: NONE</msg>
<msg timestamp="20220527 14:26:16.834" level="INFO">Log level changed from NONE to INFO.</msg>
<status status="PASS" starttime="20220527 14:26:16.782" endtime="20220527 14:26:16.834"/>
</kw>
<kw name="Click Button" library="SeleniumLibrary">
<arg>xpath://button[contains(text(),'Sign in')]</arg>
<doc>Clicks the button identified by ``locator``.</doc>
<msg timestamp="20220527 14:26:16.834" level="INFO">Clicking button 'xpath://button[contains(text(),'Sign in')]'.</msg>
<status status="PASS" starttime="20220527 14:26:16.834" endtime="20220527 14:26:16.879"/>
</kw>
<status status="PASS" starttime="20220527 14:26:16.645" endtime="20220527 14:26:16.879"/>
</kw>
<kw name="Click on add button">
<kw name="Wait Until Element Is Visible" library="SeleniumLibrary">
<arg>xpath:/html/body/div/div[2]/div/div/div[1]/h1/div/a</arg>
<doc>Waits until the element ``locator`` is visible.</doc>
<status status="PASS" starttime="20220527 14:26:16.880" endtime="20220527 14:26:20.244"/>
</kw>
<kw name="Click Element" library="SeleniumLibrary">
<arg>xpath:/html/body/div/div[2]/div/div/div[1]/h1/div/a</arg>
<doc>Click the element identified by ``locator``.</doc>
<msg timestamp="20220527 14:26:20.244" level="INFO">Clicking element 'xpath:/html/body/div/div[2]/div/div/div[1]/h1/div/a'.</msg>
<status status="PASS" starttime="20220527 14:26:20.244" endtime="20220527 14:26:21.362"/>
</kw>
<status status="PASS" starttime="20220527 14:26:16.879" endtime="20220527 14:26:21.362"/>
</kw>
<kw name="fill the site details form and create site">
<kw name="Generate Random String" library="String">
<var>${randomNumber}</var>
<arg>4</arg>
<arg>0123456789</arg>
<doc>Generates a string with a desired ``length`` from the given ``chars``.</doc>
<msg timestamp="20220527 14:26:21.363" level="INFO">${randomNumber} = 1455</msg>
<status status="PASS" starttime="20220527 14:26:21.362" endtime="20220527 14:26:21.363"/>
</kw>
<kw name="Input Text" library="SeleniumLibrary">
<arg>xpath://input[@id='form_client_name']</arg>
<arg>${name}${randomNumber}</arg>
<doc>Types the given ``text`` into the text field identified by ``locator``.</doc>
<msg timestamp="20220527 14:26:21.363" level="INFO">Typing text 'AutomationTesting1455' into text field 'xpath://input[@id='form_client_name']'.</msg>
<status status="PASS" starttime="20220527 14:26:21.363" endtime="20220527 14:26:21.433"/>
</kw>
<kw name="Input Text" library="SeleniumLibrary">
<arg>id:form_name</arg>
<arg>${name}${randomNumber}</arg>
<doc>Types the given ``text`` into the text field identified by ``locator``.</doc>
<msg timestamp="20220527 14:26:21.433" level="INFO">Typing text 'AutomationTesting1455' into text field 'id:form_name'.</msg>
<status status="PASS" starttime="20220527 14:26:21.433" endtime="20220527 14:26:21.471"/>
</kw>
<kw name="Input Text" library="SeleniumLibrary">
<arg>id:form_secondary_domain</arg>
<arg>${name}${randomNumber}</arg>
<doc>Types the given ``text`` into the text field identified by ``locator``.</doc>
<msg timestamp="20220527 14:26:21.472" level="INFO">Typing text 'AutomationTesting1455' into text field 'id:form_secondary_domain'.</msg>
<status status="PASS" starttime="20220527 14:26:21.471" endtime="20220527 14:26:21.508"/>
</kw>
<kw name="Select From List By Index" library="SeleniumLibrary">
<arg>id:form_licence_type</arg>
<arg>1</arg>
<doc>Selects options from selection list ``locator`` by ``indexes``.</doc>
<msg timestamp="20220527 14:26:21.508" level="INFO">Selecting options from selection list 'id:form_licence_type' by index 1.</msg>
<status status="PASS" starttime="20220527 14:26:21.508" endtime="20220527 14:26:21.546"/>
</kw>
<status status="PASS" starttime="20220527 14:26:21.362" endtime="20220527 14:26:21.547"/>
</kw>
<kw name="close browser session" library="Resource" type="TEARDOWN">
<kw name="Close Browser" library="SeleniumLibrary">
<doc>Closes the current browser.</doc>
<status status="PASS" starttime="20220527 14:26:21.547" endtime="20220527 14:26:21.609"/>
</kw>
<status status="PASS" starttime="20220527 14:26:21.547" endtime="20220527 14:26:21.609"/>
</kw>
<status status="PASS" starttime="20220527 14:26:04.886" endtime="20220527 14:26:21.609"/>
</test>
<status status="PASS" starttime="20220527 14:25:27.378" endtime="20220527 14:26:21.610"/>
</suite>
<statistics>
<total>
<stat pass="3" fail="0" skip="0">All Tests</stat>
</total>
<tag>
</tag>
<suite>
<stat pass="3" fail="0" skip="0" id="s1" name="PlatformAdmin">PlatformAdmin</stat>
</suite>
</statistics>
<errors>
</errors>
</robot>
